<?xml version="1.0" encoding="UTF-8"?>
<!-- Generated by org.testng.reporters.JUnitXMLReporter -->
<testsuite ignored="0" hostname="hp" failures="0" tests="3" name="Default test" time="362.472" errors="0" timestamp="2022-11-19T14:42:04 IST">
  <testcase classname="my.iprice.qa.testcases.DressPageTest" name="navigateToDressPage" time="97.372"/>
  <testcase classname="my.iprice.qa.testcases.DressPageTest" name="navigateToDressPage" time="120.27"/>
  <testcase classname="my.iprice.qa.testcases.DressPageTest" name="sortDescPrice" time="6.708"/>
</testsuite> <!-- Default test -->
