<?xml version="1.0" encoding="UTF-8"?>
<testng-results ignored="0" total="3" passed="3" failed="0" skipped="0">
  <reporter-output>
  </reporter-output>
  <suite started-at="2022-11-19T14:35:59 IST" name="Default suite" finished-at="2022-11-19T14:42:01 IST" duration-ms="362472">
    <groups>
    </groups>
    <test started-at="2022-11-19T14:35:59 IST" name="Default test" finished-at="2022-11-19T14:42:01 IST" duration-ms="362472">
      <class name="my.iprice.qa.testcases.DressPageTest">
        <test-method is-config="true" signature="setUp()[pri:0, instance:my.iprice.qa.testcases.DressPageTest@25ce9dc4]" started-at="2022-11-19T14:35:59 IST" name="setUp" finished-at="2022-11-19T14:37:45 IST" duration-ms="106351" status="PASS">
          <reporter-output>
          </reporter-output>
        </test-method> <!-- setUp -->
        <test-method signature="navigateToDressPage(java.lang.String)[pri:1, instance:my.iprice.qa.testcases.DressPageTest@25ce9dc4]" started-at="2022-11-19T14:37:59 IST" name="navigateToDressPage" data-provider="sectionName" finished-at="2022-11-19T14:39:36 IST" duration-ms="97372" status="PASS">
          <params>
            <param index="0">
              <value>
                <![CDATA[Computing]]>
              </value>
            </param>
          </params>
          <reporter-output>
          </reporter-output>
        </test-method> <!-- navigateToDressPage -->
        <test-method signature="navigateToDressPage(java.lang.String)[pri:1, instance:my.iprice.qa.testcases.DressPageTest@25ce9dc4]" started-at="2022-11-19T14:39:36 IST" name="navigateToDressPage" data-provider="sectionName" finished-at="2022-11-19T14:41:37 IST" duration-ms="120270" status="PASS">
          <params>
            <param index="0">
              <value>
                <![CDATA[Clothing]]>
              </value>
            </param>
          </params>
          <reporter-output>
          </reporter-output>
        </test-method> <!-- navigateToDressPage -->
        <test-method signature="sortDescPrice()[pri:2, instance:my.iprice.qa.testcases.DressPageTest@25ce9dc4]" started-at="2022-11-19T14:41:38 IST" name="sortDescPrice" finished-at="2022-11-19T14:41:45 IST" duration-ms="6708" status="PASS">
          <reporter-output>
          </reporter-output>
        </test-method> <!-- sortDescPrice -->
        <test-method is-config="true" signature="tearDown()[pri:0, instance:my.iprice.qa.testcases.DressPageTest@25ce9dc4]" started-at="2022-11-19T14:41:45 IST" name="tearDown" finished-at="2022-11-19T14:42:01 IST" duration-ms="16457" status="PASS">
          <reporter-output>
          </reporter-output>
        </test-method> <!-- tearDown -->
      </class> <!-- my.iprice.qa.testcases.DressPageTest -->
    </test> <!-- Default test -->
  </suite> <!-- Default suite -->
</testng-results>
